{"/Users/vitalik/projects/beagl2/src/App.tsx": {"path":"/Users/vitalik/projects/beagl2/src/App.tsx","statementMap":{"0":{"start":{"line":1,"column":0},"end":{"line":1,"column":25}},"1":{"start":{"line":2,"column":0},"end":{"line":2,"column":48}},"2":{"start":{"line":3,"column":0},"end":{"line":3,"column":56}},"3":{"start":{"line":4,"column":0},"end":{"line":4,"column":67}},"4":{"start":{"line":5,"column":0},"end":{"line":5,"column":42}},"5":{"start":{"line":7,"column":0},"end":{"line":7,"column":33}},"6":{"start":{"line":8,"column":0},"end":{"line":8,"column":35}},"7":{"start":{"line":9,"column":0},"end":{"line":9,"column":37}},"8":{"start":{"line":11,"column":0},"end":{"line":11,"column":23}},"9":{"start":{"line":13,"column":12},"end":{"line":22,"column":1}},"10":{"start":{"line":14,"column":2},"end":{"line":21,"column":17}},"11":{"start":{"line":17,"column":44},"end":{"line":17,"column":52}},"12":{"start":{"line":18,"column":49},"end":{"line":18,"column":58}},"13":{"start":{"line":24,"column":0},"end":{"line":24,"column":19}}},"fnMap":{"0":{"name":"(anonymous_1)","decl":{"start":{"line":13,"column":12},"end":{"line":13,"column":14}},"loc":{"start":{"line":14,"column":2},"end":{"line":21,"column":17}}},"1":{"name":"(anonymous_2)","decl":{"start":{"line":17,"column":38},"end":{"line":17,"column":40}},"loc":{"start":{"line":17,"column":44},"end":{"line":17,"column":52}}},"2":{"name":"(anonymous_3)","decl":{"start":{"line":18,"column":43},"end":{"line":18,"column":45}},"loc":{"start":{"line":18,"column":49},"end":{"line":18,"column":58}}}},"branchMap":{},"s":{"0":0,"1":0,"2":0,"3":0,"4":0,"5":0,"6":0,"7":0,"8":0,"9":0,"10":0,"11":0,"12":0,"13":0},"f":{"0":0,"1":0,"2":0},"b":{}}
,"/Users/vitalik/projects/beagl2/src/index.tsx": {"path":"/Users/vitalik/projects/beagl2/src/index.tsx","statementMap":{"0":{"start":{"line":1,"column":0},"end":{"line":1,"column":25}},"1":{"start":{"line":2,"column":0},"end":{"line":2,"column":32}},"2":{"start":{"line":3,"column":0},"end":{"line":3,"column":46}},"3":{"start":{"line":4,"column":0},"end":{"line":4,"column":37}},"4":{"start":{"line":5,"column":0},"end":{"line":5,"column":69}},"5":{"start":{"line":6,"column":0},"end":{"line":6,"column":37}},"6":{"start":{"line":7,"column":0},"end":{"line":7,"column":23}},"7":{"start":{"line":8,"column":0},"end":{"line":8,"column":27}},"8":{"start":{"line":10,"column":23},"end":{"line":10,"column":45}},"9":{"start":{"line":11,"column":21},"end":{"line":11,"column":38}},"10":{"start":{"line":12,"column":16},"end":{"line":12,"column":66}},"11":{"start":{"line":14,"column":15},"end":{"line":16,"column":1}},"12":{"start":{"line":18,"column":0},"end":{"line":25,"column":2}}},"fnMap":{},"branchMap":{},"s":{"0":0,"1":0,"2":0,"3":0,"4":0,"5":0,"6":0,"7":0,"8":0,"9":0,"10":0,"11":0,"12":0},"f":{},"b":{}}
,"/Users/vitalik/projects/beagl2/src/i18n/index.ts": {"path":"/Users/vitalik/projects/beagl2/src/i18n/index.ts","statementMap":{"0":{"start":{"line":1,"column":0},"end":{"line":1,"column":29}},"1":{"start":{"line":3,"column":0},"end":{"line":3,"column":26}}},"fnMap":{},"branchMap":{},"s":{"0":0,"1":0},"f":{},"b":{}}
,"/Users/vitalik/projects/beagl2/src/views/Home/Home.tsx": {"path":"/Users/vitalik/projects/beagl2/src/views/Home/Home.tsx","statementMap":{"0":{"start":{"line":1,"column":0},"end":{"line":1,"column":25}},"1":{"start":{"line":2,"column":0},"end":{"line":2,"column":45}},"2":{"start":{"line":3,"column":0},"end":{"line":3,"column":66}},"3":{"start":{"line":4,"column":0},"end":{"line":4,"column":29}},"4":{"start":{"line":6,"column":0},"end":{"line":6,"column":34}},"5":{"start":{"line":8,"column":13},"end":{"line":29,"column":2}},"6":{"start":{"line":9,"column":15},"end":{"line":9,"column":33}},"7":{"start":{"line":11,"column":2},"end":{"line":28,"column":4}},"8":{"start":{"line":22,"column":26},"end":{"line":22,"column":55}},"9":{"start":{"line":31,"column":0},"end":{"line":31,"column":49}}},"fnMap":{"0":{"name":"(anonymous_1)","decl":{"start":{"line":8,"column":20},"end":{"line":8,"column":21}},"loc":{"start":{"line":8,"column":41},"end":{"line":29,"column":1}}},"1":{"name":"(anonymous_2)","decl":{"start":{"line":22,"column":19},"end":{"line":22,"column":21}},"loc":{"start":{"line":22,"column":26},"end":{"line":22,"column":55}}}},"branchMap":{},"s":{"0":1,"1":1,"2":1,"3":1,"4":1,"5":1,"6":3,"7":3,"8":1,"9":1},"f":{"0":3,"1":1},"b":{}}
,"/Users/vitalik/projects/beagl2/src/views/Home/index.ts": {"path":"/Users/vitalik/projects/beagl2/src/views/Home/index.ts","statementMap":{"0":{"start":{"line":1,"column":0},"end":{"line":1,"column":32}},"1":{"start":{"line":1,"column":9},"end":{"line":1,"column":16}}},"fnMap":{},"branchMap":{},"s":{"0":0,"1":0},"f":{},"b":{}}
,"/Users/vitalik/projects/beagl2/src/views/Steps/Steps.tsx": {"path":"/Users/vitalik/projects/beagl2/src/views/Steps/Steps.tsx","statementMap":{"0":{"start":{"line":1,"column":0},"end":{"line":1,"column":39}},"1":{"start":{"line":2,"column":0},"end":{"line":2,"column":66}},"2":{"start":{"line":3,"column":0},"end":{"line":3,"column":52}},"3":{"start":{"line":4,"column":0},"end":{"line":4,"column":45}},"4":{"start":{"line":5,"column":0},"end":{"line":5,"column":48}},"5":{"start":{"line":6,"column":17},"end":{"line":6,"column":22}},"6":{"start":{"line":8,"column":0},"end":{"line":8,"column":34}},"7":{"start":{"line":10,"column":13},"end":{"line":61,"column":1}},"8":{"start":{"line":11,"column":15},"end":{"line":11,"column":33}},"9":{"start":{"line":12,"column":40},"end":{"line":12,"column":51}},"10":{"start":{"line":14,"column":2},"end":{"line":60,"column":4}},"11":{"start":{"line":37,"column":35},"end":{"line":37,"column":39}},"12":{"start":{"line":41,"column":50},"end":{"line":41,"column":54}},"13":{"start":{"line":49,"column":53},"end":{"line":49,"column":71}},"14":{"start":{"line":52,"column":28},"end":{"line":52,"column":49}},"15":{"start":{"line":54,"column":54},"end":{"line":54,"column":71}},"16":{"start":{"line":55,"column":56},"end":{"line":55,"column":75}},"17":{"start":{"line":63,"column":0},"end":{"line":63,"column":49}}},"fnMap":{"0":{"name":"(anonymous_2)","decl":{"start":{"line":10,"column":13},"end":{"line":10,"column":15}},"loc":{"start":{"line":10,"column":18},"end":{"line":61,"column":1}}},"1":{"name":"(anonymous_3)","decl":{"start":{"line":37,"column":29},"end":{"line":37,"column":31}},"loc":{"start":{"line":37,"column":35},"end":{"line":37,"column":39}}},"2":{"name":"(anonymous_4)","decl":{"start":{"line":41,"column":44},"end":{"line":41,"column":46}},"loc":{"start":{"line":41,"column":50},"end":{"line":41,"column":54}}},"3":{"name":"(anonymous_5)","decl":{"start":{"line":49,"column":47},"end":{"line":49,"column":49}},"loc":{"start":{"line":49,"column":53},"end":{"line":49,"column":71}}},"4":{"name":"(anonymous_6)","decl":{"start":{"line":52,"column":22},"end":{"line":52,"column":24}},"loc":{"start":{"line":52,"column":28},"end":{"line":52,"column":49}}},"5":{"name":"(anonymous_7)","decl":{"start":{"line":54,"column":48},"end":{"line":54,"column":50}},"loc":{"start":{"line":54,"column":54},"end":{"line":54,"column":71}}},"6":{"name":"(anonymous_8)","decl":{"start":{"line":55,"column":50},"end":{"line":55,"column":52}},"loc":{"start":{"line":55,"column":56},"end":{"line":55,"column":75}}}},"branchMap":{},"s":{"0":1,"1":1,"2":1,"3":1,"4":1,"5":1,"6":1,"7":1,"8":0,"9":0,"10":0,"11":0,"12":0,"13":0,"14":0,"15":0,"16":0,"17":1},"f":{"0":0,"1":0,"2":0,"3":0,"4":0,"5":0,"6":0},"b":{}}
,"/Users/vitalik/projects/beagl2/src/views/Steps/index.ts": {"path":"/Users/vitalik/projects/beagl2/src/views/Steps/index.ts","statementMap":{"0":{"start":{"line":1,"column":0},"end":{"line":1,"column":33}},"1":{"start":{"line":1,"column":9},"end":{"line":1,"column":16}}},"fnMap":{},"branchMap":{},"s":{"0":0,"1":0},"f":{},"b":{}}
}
